SLURM_JOBID=5930568
SLURM_JOB_NODELIST=cpn-f16-04
SLURM_NNODES=1
SLURMTMPDIR=/scratch/5930568
working directory = /user/saphale/hpc/homework/hw2/p3

Currently Loaded Modules:
  1) lmod/6.0.1   2) StdEnv   3) gcc/5.4.0   4) intel/16.0   5) papi/5.4.3

p3
p3.cpp: In function ‘int main(int, char**)’:
p3.cpp:25:21: warning: comparison between signed and unsigned integer expressions [-Wsign-compare]
   for (int l = 0; l < N.size(); l++)
                     ^
p3.cpp:37:11: warning: variable ‘p_1’ set but not used [-Wunused-but-set-variable]
       int p_1 = 0, p_2 = 0;
           ^
p3.cpp:37:20: warning: variable ‘p_2’ set but not used [-Wunused-but-set-variable]
       int p_1 = 0, p_2 = 0;
                    ^
45.4515
All compiled
All Done
