SLURM_JOBID=5930564
SLURM_JOB_NODELIST=cpn-f16-06
SLURM_NNODES=1
SLURMTMPDIR=/scratch/5930564
working directory = /user/saphale/hpc/homework/hw2/p3

Currently Loaded Modules:
  1) lmod/6.0.1   2) StdEnv   3) gcc/5.4.0   4) intel/16.0   5) papi/5.4.3

p3g
p3guided.cpp: In function ‘int main(int, char**)’:
p3guided.cpp:26:21: warning: comparison between signed and unsigned integer expressions [-Wsign-compare]
   for (int l = 0; l < N.size(); l++)
                     ^
p3guided.cpp:30:11: warning: variable ‘p_1’ set but not used [-Wunused-but-set-variable]
       int p_1 = 0, p_2 = 0;
           ^
p3guided.cpp:30:20: warning: variable ‘p_2’ set but not used [-Wunused-but-set-variable]
       int p_1 = 0, p_2 = 0;
                    ^
All compiled
All Done
