SLURM_JOBID=5929192
SLURM_JOB_NODELIST=cpn-f16-26
SLURM_NNODES=1
SLURMTMPDIR=/scratch/5929192
working directory = /user/saphale/hpc/homework/hw2/p2

Currently Loaded Modules:
  1) lmod/6.0.1   2) StdEnv   3) gcc/5.4.0   4) intel/16.0   5) papi/5.4.3

p2g
p2guided.cpp: In function ‘int main(int, char**)’:
p2guided.cpp:25:21: warning: comparison between signed and unsigned integer expressions [-Wsign-compare]
   for (int l = 0; l < N.size(); l++)
                     ^
Area of Mandelbrot set = 1.50734
Area of Mandelbrot set = 1.50734
Area of Mandelbrot set = 1.50734
Area of Mandelbrot set = 1.50734
Area of Mandelbrot set = 1.50753
Area of Mandelbrot set = 1.50734
Area of Mandelbrot set = 1.50734
Area of Mandelbrot set = 1.5074
Area of Mandelbrot set = 1.50779
Area of Mandelbrot set = 1.50734
Area of Mandelbrot set = 1.50708
Area of Mandelbrot set = 1.50734
Area of Mandelbrot set = 1.50766
Area of Mandelbrot set = 1.50708
Area of Mandelbrot set = 1.50714
Area of Mandelbrot set = 1.50701
All compiled
All Done
